#
# There is insufficient memory for the Java Runtime Environment to continue.
# Native memory allocation (malloc) failed to allocate 1578976 bytes for Chunk::new
# Possible reasons:
#   The system is out of physical RAM or swap space
#   In 32 bit mode, the process size limit was hit
# Possible solutions:
#   Reduce memory load on the system
#   Increase physical memory or swap space
#   Check if swap backing store is full
#   Use 64 bit Java on a 64 bit OS
#   Decrease Java heap size (-Xmx/-Xms)
#   Decrease number of Java threads
#   Decrease Java thread stack sizes (-Xss)
#   Set larger code cache with -XX:ReservedCodeCacheSize=
# This output file may be truncated or incomplete.
#
#  Out of Memory Error (allocation.cpp:390), pid=9052, tid=0x00000000000012fc
#
# JRE version: OpenJDK Runtime Environment (8.0_152-b02) (build 1.8.0_152-release-1024-b02)
# Java VM: OpenJDK 64-Bit Server VM (25.152-b02 mixed mode windows-amd64 compressed oops)
# Failed to write core dump. Minidumps are not enabled by default on client versions of Windows
#

---------------  T H R E A D  ---------------

Current thread (0x0000000016895000):  JavaThread "C2 CompilerThread0" daemon [_thread_in_native, id=4860, stack(0x0000000017ee0000,0x0000000017fe0000)]

Stack: [0x0000000017ee0000,0x0000000017fe0000]
[error occurred during error reporting (printing stack bounds), id 0xc0000005]

Native frames: (J=compiled Java code, j=interpreted, Vv=VM code, C=native code)


Current CompileTask:
C2: 236201 19356       4       com.android.tools.r8.ir.regalloc.LinearScanRegisterAllocator::allocateSingleInterval (807 bytes)


---------------  P R O C E S S  ---------------

Java Threads: ( => current thread )
  0x000000001f733000 JavaThread "pool-70-thread-2" [_thread_in_native, id=3588, stack(0x0000000038520000,0x0000000038620000)]
  0x000000001f731800 JavaThread "pool-70-thread-1" [_thread_in_native, id=9168, stack(0x0000000038420000,0x0000000038520000)]
  0x000000001f734000 JavaThread "pool-69-thread-2" [_thread_in_native, id=7504, stack(0x0000000038320000,0x0000000038420000)]
  0x000000001f732800 JavaThread "pool-69-thread-1" [_thread_in_native, id=2736, stack(0x0000000038220000,0x0000000038320000)]
  0x000000001f72b800 JavaThread "pool-67-thread-2" [_thread_in_native, id=8868, stack(0x0000000037f20000,0x0000000038020000)]
  0x000000001f731000 JavaThread "pool-67-thread-1" [_thread_in_native, id=10772, stack(0x0000000037e20000,0x0000000037f20000)]
  0x000000001f72f800 JavaThread "ForkJoinPool.commonPool-worker-1" daemon [_thread_blocked, id=5520, stack(0x0000000034b20000,0x0000000034c20000)]
  0x000000001f72e000 JavaThread "ForkJoinPool.commonPool-worker-0" daemon [_thread_blocked, id=10248, stack(0x0000000034a20000,0x0000000034b20000)]
  0x000000001f72e800 JavaThread "ForkJoinPool.commonPool-worker-3" daemon [_thread_blocked, id=5848, stack(0x0000000034920000,0x0000000034a20000)]
  0x000000001c6b2000 JavaThread "Task worker for ':' Thread 3" [_thread_blocked, id=2616, stack(0x0000000032c20000,0x0000000032d20000)]
  0x000000001c6b1800 JavaThread "Task worker for ':' Thread 2" [_thread_blocked, id=3124, stack(0x0000000032b20000,0x0000000032c20000)]
  0x000000001c6b4800 JavaThread "Task worker for ':'" [_thread_blocked, id=3176, stack(0x0000000032a20000,0x0000000032b20000)]
  0x000000001c6b0800 JavaThread "Cache worker for Build Output Cleanup Cache (C:\Users\Farid\Desktop\OnGoing\Android App\femelo_demo\.gradle\buildOutputCleanup)" [_thread_blocked, id=8352, stack(0x0000000032920000,0x0000000032a20000)]
  0x000000001c6b3000 JavaThread "Cache worker for task history cache (C:\Users\Farid\Desktop\OnGoing\Android App\femelo_demo\.gradle\4.4\taskHistory)" [_thread_blocked, id=168, stack(0x0000000032820000,0x0000000032920000)]
  0x000000001c6b0000 JavaThread "Cache worker for file content cache (C:\Users\Farid\Desktop\OnGoing\Android App\femelo_demo\.gradle\4.4\fileContent)" [_thread_blocked, id=4420, stack(0x0000000032720000,0x0000000032820000)]
  0x000000001c6ae800 JavaThread "build operations Thread 4" [_thread_blocked, id=5804, stack(0x0000000032620000,0x0000000032720000)]
  0x000000001c6af000 JavaThread "build operations Thread 3" [_thread_blocked, id=9160, stack(0x0000000032520000,0x0000000032620000)]
  0x000000001c6a7000 JavaThread "build operations Thread 2" [_thread_blocked, id=8264, stack(0x0000000032420000,0x0000000032520000)]
  0x000000001c6ad000 JavaThread "build operations" [_thread_blocked, id=3568, stack(0x0000000032320000,0x0000000032420000)]
  0x000000001c6ad800 JavaThread "Cache worker for Artifact transforms cache (C:\Users\Farid\.gradle\caches\transforms-1)" [_thread_blocked, id=1920, stack(0x0000000032220000,0x0000000032320000)]
  0x000000001c6a8800 JavaThread "Cache worker for file hash cache (C:\Users\Farid\Desktop\OnGoing\Android App\femelo_demo\.gradle\4.4\fileHashes)" [_thread_blocked, id=4428, stack(0x0000000032120000,0x0000000032220000)]
  0x000000001c6a9000 JavaThread "Stdin handler" [_thread_blocked, id=7672, stack(0x0000000032020000,0x0000000032120000)]
  0x000000001c6a7800 JavaThread "Asynchronous log dispatcher for DefaultDaemonConnection: socket connection from /127.0.0.1:17350 to /127.0.0.1:17434" [_thread_blocked, id=10032, stack(0x0000000031f20000,0x0000000032020000)]
  0x000000001c6ac000 JavaThread "Cancel handler" [_thread_blocked, id=3628, stack(0x0000000031e20000,0x0000000031f20000)]
  0x000000001c6ab800 JavaThread "Handler for socket connection from /127.0.0.1:17350 to /127.0.0.1:17434" [_thread_in_native, id=7560, stack(0x0000000031d20000,0x0000000031e20000)]
  0x000000001f730000 JavaThread "Daemon worker Thread 2" [_thread_blocked, id=4012, stack(0x000000002ba20000,0x000000002bb20000)]
  0x000000001f72d000 JavaThread "Daemon Thread 2" [_thread_blocked, id=10308, stack(0x000000002b720000,0x000000002b820000)]
  0x000000001c9d7800 JavaThread "Memory manager" [_thread_blocked, id=9364, stack(0x0000000021f10000,0x0000000022010000)]
  0x000000001c9db800 JavaThread "pool-1-thread-1" [_thread_blocked, id=6984, stack(0x0000000021c10000,0x0000000021d10000)]
  0x0000000019c3c800 JavaThread "File lock request listener" [_thread_in_native, id=5440, stack(0x000000001b330000,0x000000001b430000)]
  0x00000000198ce000 JavaThread "Cache worker for file hash cache (C:\Users\Farid\.gradle\caches\4.4\fileHashes)" [_thread_blocked, id=2588, stack(0x000000001b230000,0x000000001b330000)]
  0x0000000019872000 JavaThread "Daemon periodic checks" [_thread_blocked, id=2960, stack(0x000000001a730000,0x000000001a830000)]
  0x0000000019860000 JavaThread "Incoming local TCP Connector on port 17350" [_thread_in_native, id=9120, stack(0x000000001a4f0000,0x000000001a5f0000)]
  0x0000000018258800 JavaThread "Service Thread" daemon [_thread_blocked, id=5108, stack(0x00000000185e0000,0x00000000186e0000)]
  0x000000001689c000 JavaThread "C1 CompilerThread2" daemon [_thread_blocked, id=8636, stack(0x00000000180e0000,0x00000000181e0000)]
  0x0000000016898000 JavaThread "C2 CompilerThread1" daemon [_thread_in_native, id=5292, stack(0x0000000017fe0000,0x00000000180e0000)]
=>0x0000000016895000 JavaThread "C2 CompilerThread0" daemon [_thread_in_native, id=4860, stack(0x0000000017ee0000,0x0000000017fe0000)]
  0x00000000168e5800 JavaThread "Attach Listener" daemon [_thread_blocked, id=9968, stack(0x0000000017de0000,0x0000000017ee0000)]
  0x00000000168e4800 JavaThread "Signal Dispatcher" daemon [_thread_blocked, id=7552, stack(0x0000000017ce0000,0x0000000017de0000)]
  0x000000001687e000 JavaThread "Finalizer" daemon [_thread_blocked, id=5172, stack(0x0000000017af0000,0x0000000017bf0000)]
  0x0000000002f12800 JavaThread "Reference Handler" daemon [_thread_blocked, id=7080, stack(0x00000000179f0000,0x0000000017af0000)]
  0x0000000002e22800 JavaThread "main" [_thread_blocked, id=9544, stack(0x0000000002d20000,0x0000000002e20000)]

Other Threads:
  0x0000000016855800 VMThread [stack: 0x00000000178f0000,0x00000000179f0000] [id=8960]
  0x0000000018259800 WatcherThread [stack: 0x00000000186e0000,0x00000000187e0000] [id=4660]

VM state:not at safepoint (normal execution)

VM Mutex/Monitor currently owned by a thread: None

Heap:
 PSYoungGen      total 282624K, used 83394K [0x00000000e0000000, 0x00000000f5500000, 0x0000000100000000)
  eden space 229888K, 31% used [0x00000000e0000000,0x00000000e47a4520,0x00000000ee080000)
  from space 52736K, 19% used [0x00000000ee080000,0x00000000eea4c698,0x00000000f1400000)
  to   space 51200K, 0% used [0x00000000f1400000,0x00000000f1400000,0x00000000f4600000)
 ParOldGen       total 155648K, used 98838K [0x00000000a0000000, 0x00000000a9800000, 0x00000000e0000000)
  object space 155648K, 63% used [0x00000000a0000000,0x00000000a6085898,0x00000000a9800000)
 Metaspace       used 81934K, capacity 85686K, committed 85848K, reserved 1124352K
  class space    used 10342K, capacity 11028K, committed 11136K, reserved 1048576K

Card table byte_map: [0x00000000122e0000,0x00000000125f0000] byte_map_base: 0x0000000011de0000

Marking Bits: (ParMarkBitMap*) 0x0000000069444970
 Begin Bits: [0x0000000012bf0000, 0x00000000143f0000)
 End Bits:   [0x00000000143f0000, 0x0000000015bf0000)

Polling page: 0x00000000009f0000

CodeCache: size=245760Kb used=52556Kb max_used=52570Kb free=193203Kb
 bounds [0x0000000002f20000, 0x00000000062c0000, 0x0000000011f20000]
 total_blobs=16534 nmethods=15691 adapters=754
 compilation: enabled

Compilation events (10 events):
Event: 235.919 Thread 0x000000001689c000 19520 %     3       com.android.tools.r8.ir.regalloc.LinearScanRegisterAllocator::insertArgumentMoves @ 19 (102 bytes)
Event: 235.920 Thread 0x000000001689c000 nmethod 19520% 0x0000000006295690 code [0x0000000006295980, 0x0000000006296e98]
Event: 235.925 Thread 0x000000001689c000 19521 %     3       com.android.tools.r8.ir.regalloc.LinearScanRegisterAllocator::computeNeedsRegister @ 38 (81 bytes)
Event: 235.927 Thread 0x000000001689c000 nmethod 19521% 0x0000000006297910 code [0x0000000006297ba0, 0x0000000006298dc8]
Event: 235.927 Thread 0x000000001689c000 19522       3       com.android.tools.r8.ir.regalloc.LinearScanRegisterAllocator::computeNeedsRegister (81 bytes)
Event: 235.929 Thread 0x000000001689c000 nmethod 19522 0x0000000006299590 code [0x0000000006299820, 0x000000000629a9a8]
Event: 235.929 Thread 0x000000001689c000 19523       2       com.android.tools.r8.ir.regalloc.LinearScanRegisterAllocator::pinArgumentRegisters (66 bytes)
Event: 235.929 Thread 0x000000001689c000 nmethod 19523 0x000000000629b150 code [0x000000000629b2e0, 0x000000000629b5b8]
Event: 235.929 Thread 0x000000001689c000 19524       2       java.util.Vector::ensureCapacityHelper (16 bytes)
Event: 235.930 Thread 0x000000001689c000 nmethod 19524 0x000000000629b810 code [0x000000000629b980, 0x000000000629bb08]

GC Heap History (10 events):
Event: 206.451 GC heap before
{Heap before GC invocations=22 (full 3):
 PSYoungGen      total 281088K, used 263262K [0x00000000e0000000, 0x00000000f5500000, 0x0000000100000000)
  eden space 229888K, 99% used [0x00000000e0000000,0x00000000edfc5388,0x00000000ee080000)
  from space 51200K, 66% used [0x00000000f1400000,0x00000000f3552778,0x00000000f4600000)
  to   space 52736K, 0% used [0x00000000ee080000,0x00000000ee080000,0x00000000f1400000)
 ParOldGen       total 155648K, used 69469K [0x00000000a0000000, 0x00000000a9800000, 0x00000000e0000000)
  object space 155648K, 44% used [0x00000000a0000000,0x00000000a43d7610,0x00000000a9800000)
 Metaspace       used 80814K, capacity 84376K, committed 84440K, reserved 1122304K
  class space    used 10282K, capacity 10959K, committed 11008K, reserved 1048576K
Event: 206.490 GC heap after
Heap after GC invocations=22 (full 3):
 PSYoungGen      total 282624K, used 39541K [0x00000000e0000000, 0x00000000f5500000, 0x0000000100000000)
  eden space 229888K, 0% used [0x00000000e0000000,0x00000000e0000000,0x00000000ee080000)
  from space 52736K, 74% used [0x00000000ee080000,0x00000000f071d550,0x00000000f1400000)
  to   space 51200K, 0% used [0x00000000f1400000,0x00000000f1400000,0x00000000f4600000)
 ParOldGen       total 155648K, used 69477K [0x00000000a0000000, 0x00000000a9800000, 0x00000000e0000000)
  object space 155648K, 44% used [0x00000000a0000000,0x00000000a43d9610,0x00000000a9800000)
 Metaspace       used 80814K, capacity 84376K, committed 84440K, reserved 1122304K
  class space    used 10282K, capacity 10959K, committed 11008K, reserved 1048576K
}
Event: 206.530 GC heap before
{Heap before GC invocations=23 (full 3):
 PSYoungGen      total 282624K, used 268418K [0x00000000e0000000, 0x00000000f5500000, 0x0000000100000000)
  eden space 229888K, 99% used [0x00000000e0000000,0x00000000edf83358,0x00000000ee080000)
  from space 52736K, 74% used [0x00000000ee080000,0x00000000f071d550,0x00000000f1400000)
  to   space 51200K, 0% used [0x00000000f1400000,0x00000000f1400000,0x00000000f4600000)
 ParOldGen       total 155648K, used 69477K [0x00000000a0000000, 0x00000000a9800000, 0x00000000e0000000)
  object space 155648K, 44% used [0x00000000a0000000,0x00000000a43d9610,0x00000000a9800000)
 Metaspace       used 80818K, capacity 84376K, committed 84440K, reserved 1122304K
  class space    used 10282K, capacity 10959K, committed 11008K, reserved 1048576K
Event: 206.559 GC heap after
Heap after GC invocations=23 (full 3):
 PSYoungGen      total 281088K, used 35281K [0x00000000e0000000, 0x00000000f5500000, 0x0000000100000000)
  eden space 229888K, 0% used [0x00000000e0000000,0x00000000e0000000,0x00000000ee080000)
  from space 51200K, 68% used [0x00000000f1400000,0x00000000f36747a0,0x00000000f4600000)
  to   space 52736K, 0% used [0x00000000ee080000,0x00000000ee080000,0x00000000f1400000)
 ParOldGen       total 155648K, used 69485K [0x00000000a0000000, 0x00000000a9800000, 0x00000000e0000000)
  object space 155648K, 44% used [0x00000000a0000000,0x00000000a43db610,0x00000000a9800000)
 Metaspace       used 80818K, capacity 84376K, committed 84440K, reserved 1122304K
  class space    used 10282K, capacity 10959K, committed 11008K, reserved 1048576K
}
Event: 227.155 GC heap before
{Heap before GC invocations=24 (full 3):
 PSYoungGen      total 281088K, used 265169K [0x00000000e0000000, 0x00000000f5500000, 0x0000000100000000)
  eden space 229888K, 100% used [0x00000000e0000000,0x00000000ee080000,0x00000000ee080000)
  from space 51200K, 68% used [0x00000000f1400000,0x00000000f36747a0,0x00000000f4600000)
  to   space 52736K, 0% used [0x00000000ee080000,0x00000000ee080000,0x00000000f1400000)
 ParOldGen       total 155648K, used 69485K [0x00000000a0000000, 0x00000000a9800000, 0x00000000e0000000)
  object space 155648K, 44% used [0x00000000a0000000,0x00000000a43db610,0x00000000a9800000)
 Metaspace       used 81155K, capacity 84862K, committed 85080K, reserved 1124352K
  class space    used 10314K, capacity 11014K, committed 11136K, reserved 1048576K
Event: 227.185 GC heap after
Heap after GC invocations=24 (full 3):
 PSYoungGen      total 282624K, used 25755K [0x00000000e0000000, 0x00000000f5500000, 0x0000000100000000)
  eden space 229888K, 0% used [0x00000000e0000000,0x00000000e0000000,0x00000000ee080000)
  from space 52736K, 48% used [0x00000000ee080000,0x00000000ef9a6e18,0x00000000f1400000)
  to   space 51200K, 0% used [0x00000000f1400000,0x00000000f1400000,0x00000000f4600000)
 ParOldGen       total 155648K, used 77652K [0x00000000a0000000, 0x00000000a9800000, 0x00000000e0000000)
  object space 155648K, 49% used [0x00000000a0000000,0x00000000a4bd5098,0x00000000a9800000)
 Metaspace       used 81155K, capacity 84862K, committed 85080K, reserved 1124352K
  class space    used 10314K, capacity 11014K, committed 11136K, reserved 1048576K
}
Event: 227.280 GC heap before
{Heap before GC invocations=25 (full 3):
 PSYoungGen      total 282624K, used 255336K [0x00000000e0000000, 0x00000000f5500000, 0x0000000100000000)
  eden space 229888K, 99% used [0x00000000e0000000,0x00000000ee0334c8,0x00000000ee080000)
  from space 52736K, 48% used [0x00000000ee080000,0x00000000ef9a6e18,0x00000000f1400000)
  to   space 51200K, 0% used [0x00000000f1400000,0x00000000f1400000,0x00000000f4600000)
 ParOldGen       total 155648K, used 77652K [0x00000000a0000000, 0x00000000a9800000, 0x00000000e0000000)
  object space 155648K, 49% used [0x00000000a0000000,0x00000000a4bd5098,0x00000000a9800000)
 Metaspace       used 81167K, capacity 84934K, committed 85080K, reserved 1124352K
  class space    used 10314K, capacity 11014K, committed 11136K, reserved 1048576K
Event: 227.303 GC heap after
Heap after GC invocations=25 (full 3):
 PSYoungGen      total 281088K, used 25215K [0x00000000e0000000, 0x00000000f5500000, 0x0000000100000000)
  eden space 229888K, 0% used [0x00000000e0000000,0x00000000e0000000,0x00000000ee080000)
  from space 51200K, 49% used [0x00000000f1400000,0x00000000f2c9fd10,0x00000000f4600000)
  to   space 52736K, 0% used [0x00000000ee080000,0x00000000ee080000,0x00000000f1400000)
 ParOldGen       total 155648K, used 78600K [0x00000000a0000000, 0x00000000a9800000, 0x00000000e0000000)
  object space 155648K, 50% used [0x00000000a0000000,0x00000000a4cc2020,0x00000000a9800000)
 Metaspace       used 81167K, capacity 84934K, committed 85080K, reserved 1124352K
  class space    used 10314K, capacity 11014K, committed 11136K, reserved 1048576K
}
Event: 235.241 GC heap before
{Heap before GC invocations=26 (full 3):
 PSYoungGen      total 281088K, used 255103K [0x00000000e0000000, 0x00000000f5500000, 0x0000000100000000)
  eden space 229888K, 100% used [0x00000000e0000000,0x00000000ee080000,0x00000000ee080000)
  from space 51200K, 49% used [0x00000000f1400000,0x00000000f2c9fd10,0x00000000f4600000)
  to   space 52736K, 0% used [0x00000000ee080000,0x00000000ee080000,0x00000000f1400000)
 ParOldGen       total 155648K, used 78600K [0x00000000a0000000, 0x00000000a9800000, 0x00000000e0000000)
  object space 155648K, 50% used [0x00000000a0000000,0x00000000a4cc2020,0x00000000a9800000)
 Metaspace       used 81867K, capacity 85606K, committed 85848K, reserved 1124352K
  class space    used 10342K, capacity 11028K, committed 11136K, reserved 1048576K
Event: 235.313 GC heap after
Heap after GC invocations=26 (full 3):
 PSYoungGen      total 282624K, used 10033K [0x00000000e0000000, 0x00000000f5500000, 0x0000000100000000)
  eden space 229888K, 0% used [0x00000000e0000000,0x00000000e0000000,0x00000000ee080000)
  from space 52736K, 19% used [0x00000000ee080000,0x00000000eea4c698,0x00000000f1400000)
  to   space 51200K, 0% used [0x00000000f1400000,0x00000000f1400000,0x00000000f4600000)
 ParOldGen       total 155648K, used 98838K [0x00000000a0000000, 0x00000000a9800000, 0x00000000e0000000)
  object space 155648K, 63% used [0x00000000a0000000,0x00000000a6085898,0x00000000a9800000)
 Metaspace       used 81867K, capacity 85606K, committed 85848K, reserved 1124352K
  class space    used 10342K, capacity 11028K, committed 11136K, reserved 1048576K
}

Deoptimization events (10 events):
Event: 234.775 Thread 0x000000001f72f800 Uncommon trap: reason=class_check action=maybe_recompile pc=0x00000000061c59c4 method=com.android.tools.r8.graph.DexAnnotationSetRefList.collectMixedSectionItems(Lcom/android/tools/r8/dex/MixedSectionCollection;)V @ 10
Event: 234.775 Thread 0x000000001f72f800 Uncommon trap: reason=class_check action=maybe_recompile pc=0x00000000061c59c4 method=com.android.tools.r8.graph.DexAnnotationSetRefList.collectMixedSectionItems(Lcom/android/tools/r8/dex/MixedSectionCollection;)V @ 10
Event: 235.563 Thread 0x000000001f72b800 Uncommon trap: reason=array_check action=maybe_recompile pc=0x000000000486fb08 method=java.util.TimSort.mergeLo(IIII)V @ 590
Event: 235.563 Thread 0x000000001f72b800 Uncommon trap: reason=array_check action=maybe_recompile pc=0x000000000486fbb8 method=java.util.TimSort.mergeLo(IIII)V @ 375
Event: 235.564 Thread 0x000000001f72b800 Uncommon trap: reason=array_check action=maybe_recompile pc=0x000000000486fb08 method=java.util.TimSort.mergeLo(IIII)V @ 590
Event: 235.564 Thread 0x000000001f72b800 Uncommon trap: reason=array_check action=maybe_recompile pc=0x0000000004a4a840 method=java.util.TimSort.mergeHi(IIII)V @ 282
Event: 235.653 Thread 0x000000001f735800 Uncommon trap: reason=unstable_if action=reinterpret pc=0x000000000429d2d4 method=java.util.concurrent.ConcurrentHashMap.addCount(JI)V @ 179
Event: 235.655 Thread 0x000000001f735800 Uncommon trap: reason=unstable_if action=reinterpret pc=0x00000000051f3e8c method=java.util.concurrent.ConcurrentHashMap.transfer([Ljava/util/concurrent/ConcurrentHashMap$Node;[Ljava/util/concurrent/ConcurrentHashMap$Node;)V @ 351
Event: 235.671 Thread 0x000000001f735800 Uncommon trap: reason=bimorphic action=maybe_recompile pc=0x00000000056e7dbc method=com.android.tools.r8.com.google.common.collect.AbstractIndexedListIterator.next()Ljava/lang/Object; @ 27
Event: 235.676 Thread 0x000000001f735800 Uncommon trap: reason=unstable_if action=reinterpret pc=0x000000000390e9c4 method=java.util.HashMap.getNode(ILjava/lang/Object;)Ljava/util/HashMap$Node; @ 84

Classes redefined (0 events):
No events

Internal exceptions (10 events):
Event: 235.886 Thread 0x000000001f732800 Exception <a 'sun/nio/fs/WindowsException'> (0x00000000e31881b8) thrown at [D:\src\AOSP-openjdk-cygwin\jdk8u\hotspot\src\share\vm\prims\jni.cpp, line 709]
Event: 235.892 Thread 0x000000001c6b2000 Exception <a 'sun/nio/fs/WindowsException'> (0x00000000e2ffe540) thrown at [D:\src\AOSP-openjdk-cygwin\jdk8u\hotspot\src\share\vm\prims\jni.cpp, line 709]
Event: 235.898 Thread 0x000000001f733000 Exception <a 'sun/nio/fs/WindowsException'> (0x00000000e3914c18) thrown at [D:\src\AOSP-openjdk-cygwin\jdk8u\hotspot\src\share\vm\prims\jni.cpp, line 709]
Event: 235.901 Thread 0x000000001f734000 Exception <a 'sun/nio/fs/WindowsException'> (0x00000000e399c760) thrown at [D:\src\AOSP-openjdk-cygwin\jdk8u\hotspot\src\share\vm\prims\jni.cpp, line 709]
Event: 235.914 Thread 0x000000001f731800 Exception <a 'sun/nio/fs/WindowsException'> (0x00000000e3366b58) thrown at [D:\src\AOSP-openjdk-cygwin\jdk8u\hotspot\src\share\vm\prims\jni.cpp, line 709]
Event: 235.919 Thread 0x000000001f72e000 Exception <a 'sun/nio/fs/WindowsException'> (0x00000000e1a63668) thrown at [D:\src\AOSP-openjdk-cygwin\jdk8u\hotspot\src\share\vm\prims\jni.cpp, line 709]
Event: 235.921 Thread 0x000000001f731000 Exception <a 'sun/nio/fs/WindowsException'> (0x00000000e3a4d5a8) thrown at [D:\src\AOSP-openjdk-cygwin\jdk8u\hotspot\src\share\vm\prims\jni.cpp, line 709]
Event: 235.922 Thread 0x000000001f735800 Exception <a 'sun/nio/fs/WindowsException'> (0x00000000e36eee90) thrown at [D:\src\AOSP-openjdk-cygwin\jdk8u\hotspot\src\share\vm\prims\jni.cpp, line 709]
Event: 235.930 Thread 0x000000001f733000 Exception <a 'sun/nio/fs/WindowsException'> (0x00000000e3bd0c80) thrown at [D:\src\AOSP-openjdk-cygwin\jdk8u\hotspot\src\share\vm\prims\jni.cpp, line 709]
Event: 235.931 Thread 0x000000001f72c800 Exception <a 'sun/nio/fs/WindowsException'> (0x00000000e3c90b60) thrown at [D:\src\AOSP-openjdk-cygwin\jdk8u\hotspot\src\share\vm\prims\jni.cpp, line 709]

Events (10 events):
Event: 235.924 Executing VM operation: RevokeBias
Event: 235.924 Executing VM operation: RevokeBias done
Event: 235.925 Thread 0x000000001f733000 DEOPT PACKING pc=0x0000000006265b6a sp=0x0000000037d1e9a0
Event: 235.925 Thread 0x000000001f733000 DEOPT UNPACKING pc=0x0000000002f675d0 sp=0x0000000037d1e728 mode 0
Event: 235.927 Thread 0x000000001f733000 DEOPT PACKING pc=0x000000000483247a sp=0x0000000037d1ec40
Event: 235.927 Thread 0x000000001f733000 DEOPT UNPACKING pc=0x0000000002f675d0 sp=0x0000000037d1e9e8 mode 0
Event: 235.927 Executing VM operation: RevokeBias
Event: 235.928 Executing VM operation: RevokeBias done
Event: 235.928 Executing VM operation: BulkRevokeBias
Event: 235.928 Executing VM operation: BulkRevokeBias done


Dynamic libraries:
0x00007ff7373e0000 - 0x00007ff737411000 	C:\Program Files\Android\Android Studio\jre\bin\java.exe
0x00007ffc8b760000 - 0x00007ffc8b941000 	C:\WINDOWS\SYSTEM32\ntdll.dll
0x00007ffc8b220000 - 0x00007ffc8b2d2000 	C:\WINDOWS\System32\KERNEL32.DLL
0x00007ffc88610000 - 0x00007ffc88883000 	C:\WINDOWS\System32\KERNELBASE.dll
0x00007ffc89560000 - 0x00007ffc89601000 	C:\WINDOWS\System32\ADVAPI32.dll
0x00007ffc8b180000 - 0x00007ffc8b21e000 	C:\WINDOWS\System32\msvcrt.dll
0x00007ffc8b2e0000 - 0x00007ffc8b33b000 	C:\WINDOWS\System32\sechost.dll
0x00007ffc8b4a0000 - 0x00007ffc8b5c4000 	C:\WINDOWS\System32\RPCRT4.dll
0x00007ffc893a0000 - 0x00007ffc89530000 	C:\WINDOWS\System32\USER32.dll
0x00007ffc88890000 - 0x00007ffc888b0000 	C:\WINDOWS\System32\win32u.dll
0x00007ffc89d00000 - 0x00007ffc89d28000 	C:\WINDOWS\System32\GDI32.dll
0x00007ffc889b0000 - 0x00007ffc88b42000 	C:\WINDOWS\System32\gdi32full.dll
0x00007ffc88b50000 - 0x00007ffc88bef000 	C:\WINDOWS\System32\msvcp_win.dll
0x00007ffc888b0000 - 0x00007ffc889aa000 	C:\WINDOWS\System32\ucrtbase.dll
0x00007ffc7b5d0000 - 0x00007ffc7b839000 	C:\WINDOWS\WinSxS\amd64_microsoft.windows.common-controls_6595b64144ccf1df_6.0.17134.81_none_b4b229fe3cb4cfa3\COMCTL32.dll
0x00007ffc89890000 - 0x00007ffc89bb3000 	C:\WINDOWS\System32\combase.dll
0x00007ffc87c30000 - 0x00007ffc87caa000 	C:\WINDOWS\System32\bcryptPrimitives.dll
0x00007ffc88cb0000 - 0x00007ffc88cdd000 	C:\WINDOWS\System32\IMM32.DLL
0x0000000068ba0000 - 0x0000000068c72000 	C:\Program Files\Android\Android Studio\jre\jre\bin\msvcr100.dll
0x0000000068c80000 - 0x00000000694bf000 	C:\Program Files\Android\Android Studio\jre\jre\bin\server\jvm.dll
0x00007ffc89d30000 - 0x00007ffc89d38000 	C:\WINDOWS\System32\PSAPI.DLL
0x00007ffc709b0000 - 0x00007ffc709b9000 	C:\WINDOWS\SYSTEM32\WSOCK32.dll
0x00007ffc817e0000 - 0x00007ffc817ea000 	C:\WINDOWS\SYSTEM32\VERSION.dll
0x00007ffc81bc0000 - 0x00007ffc81be3000 	C:\WINDOWS\SYSTEM32\WINMM.dll
0x00007ffc89bc0000 - 0x00007ffc89c2c000 	C:\WINDOWS\System32\WS2_32.dll
0x00007ffc81b90000 - 0x00007ffc81bba000 	C:\WINDOWS\SYSTEM32\winmmbase.dll
0x00007ffc87b30000 - 0x00007ffc87b79000 	C:\WINDOWS\System32\cfgmgr32.dll
0x00007ffc83d40000 - 0x00007ffc83d4f000 	C:\Program Files\Android\Android Studio\jre\jre\bin\verify.dll
0x00007ffc7eca0000 - 0x00007ffc7ecc9000 	C:\Program Files\Android\Android Studio\jre\jre\bin\java.dll
0x00007ffc81280000 - 0x00007ffc81296000 	C:\Program Files\Android\Android Studio\jre\jre\bin\zip.dll
0x00007ffc89d40000 - 0x00007ffc8b180000 	C:\WINDOWS\System32\SHELL32.dll
0x00007ffc88bf0000 - 0x00007ffc88c99000 	C:\WINDOWS\System32\shcore.dll
0x00007ffc87d10000 - 0x00007ffc8841d000 	C:\WINDOWS\System32\windows.storage.dll
0x00007ffc8b6d0000 - 0x00007ffc8b721000 	C:\WINDOWS\System32\shlwapi.dll
0x00007ffc87af0000 - 0x00007ffc87b01000 	C:\WINDOWS\System32\kernel.appcore.dll
0x00007ffc87ad0000 - 0x00007ffc87aef000 	C:\WINDOWS\System32\profapi.dll
0x00007ffc87a80000 - 0x00007ffc87acc000 	C:\WINDOWS\System32\powrprof.dll
0x00007ffc87a70000 - 0x00007ffc87a7a000 	C:\WINDOWS\System32\FLTLIB.DLL
0x00007ffc80f70000 - 0x00007ffc80f8a000 	C:\Program Files\Android\Android Studio\jre\jre\bin\net.dll
0x00007ffc87290000 - 0x00007ffc872f6000 	C:\WINDOWS\system32\mswsock.dll
0x00007ffc7ef50000 - 0x00007ffc7ef61000 	C:\Program Files\Android\Android Studio\jre\jre\bin\nio.dll
0x00007ffc767c0000 - 0x00007ffc767de000 	C:\Users\Farid\.gradle\native\25\windows-amd64\native-platform.dll
0x00007ffc83150000 - 0x00007ffc8315d000 	C:\Program Files\Android\Android Studio\jre\jre\bin\management.dll
0x00007ffc87440000 - 0x00007ffc87457000 	C:\WINDOWS\SYSTEM32\CRYPTSP.dll
0x00007ffc86e70000 - 0x00007ffc86ea3000 	C:\WINDOWS\system32\rsaenh.dll
0x00007ffc87570000 - 0x00007ffc87595000 	C:\WINDOWS\SYSTEM32\bcrypt.dll
0x00007ffc879a0000 - 0x00007ffc879c8000 	C:\WINDOWS\SYSTEM32\USERENV.dll
0x00007ffc87460000 - 0x00007ffc8746b000 	C:\WINDOWS\SYSTEM32\CRYPTBASE.dll
0x00007ffc87010000 - 0x00007ffc87048000 	C:\WINDOWS\SYSTEM32\IPHLPAPI.DLL
0x00007ffc89530000 - 0x00007ffc89538000 	C:\WINDOWS\System32\NSI.dll
0x00007ffc82400000 - 0x00007ffc82416000 	C:\WINDOWS\SYSTEM32\dhcpcsvc6.DLL
0x00007ffc823e0000 - 0x00007ffc823fa000 	C:\WINDOWS\SYSTEM32\dhcpcsvc.DLL
0x00007ffc86b60000 - 0x00007ffc86b91000 	C:\WINDOWS\SYSTEM32\ntmarta.dll

VM Arguments:
jvm_args: -Xmx1536m -Dfile.encoding=windows-1256 -Duser.country=US -Duser.language=en -Duser.variant 
java_command: org.gradle.launcher.daemon.bootstrap.GradleDaemon 4.4
java_class_path (initial): C:\Users\Farid\.gradle\wrapper\dists\gradle-4.4-all\9br9xq1tocpiv8o6njlyu5op1\gradle-4.4\lib\gradle-launcher-4.4.jar
Launcher Type: SUN_STANDARD

Environment Variables:
JAVA_HOME=C:\Program Files\Java\jdk1.8.0_144
PATH=C:\ProgramData\Oracle\Java\javapath;C:\Program Files\Tecplot\Tecplot 360 EX 2017 R2\bin;C:\Program Files\Microsoft MPI\Bin\;C:\Program Files (x86)\Intel\MPI\5.0.1.037\intel64\bin;C:\Program Files (x86)\Common Files\Intel\Shared Libraries\redist\ia32\mpirt;C:\Program Files (x86)\Common Files\Intel\Shared Libraries\redist\intel64\compiler;C:\Program Files (x86)\Common Files\Intel\Shared Libraries\redist\ia32\compiler;C:\Program Files (x86)\Intel\iCLS Client\;C:\Program Files\Intel\iCLS Client\;C:\Windows\system32;C:\Windows;C:\Windows\System32\Wbem;C:\Windows\System32\WindowsPowerShell\v1.0\;C:\Program Files (x86)\NVIDIA Corporation\PhysX\Common;C:\Program Files\MATLAB\R2017a\runtime\win64;C:\Program Files\MATLAB\R2017a\bin;C:\Program Files (x86)\Intel\Intel(R) Management Engine Components\DAL;C:\Program Files\Intel\Intel(R) Management Engine Components\DAL;C:\Program Files (x86)\Intel\Intel(R) Management Engine Components\IPT;C:\Program Files\Intel\Intel(R) Management Engine Components\IPT;C:\Program Files (x86)\Windows Kits\8.1\Windows Performance Toolkit\;C:\Program Files\Microsoft SQL Server\110\Tools\Binn\;C:\WINDOWS\system32;C:\WINDOWS;C:\WINDOWS\System32\Wbem;C:\WINDOWS\System32\WindowsPowerShell\v1.0\;c:\Program Files (x86)\Microsoft SQL Server\100\Tools\Binn\;c:\Program Files\Microsoft SQL Server\100\Tools\Binn\;c:\Program Files\Microsoft SQL Server\100\DTS\Binn\;C:\Program Files\PuTTY\;C:\Program Files (x86)\PuTTY\;C:\Program Files\nodejs\;C:\Program Files\MySQL\MySQL Utilities 1.6\;C:\Program Files (x86)\QuickTime\QTSystem\;C:\WINDOWS\System32\OpenSSH\;C:\Program Files\Microsoft\Web Platform Installer\;C:\Program Files\Git\cmd;C:\Program Files\Git\mingw64\bin;C:\Program Files\Git\usr\bin;C:\Users\Farid\AppData\Local\Microsoft\WindowsApps;C:\Users\Farid\AppData\Roaming\npm;
USERNAME=Farid
OS=Windows_NT
PROCESSOR_IDENTIFIER=Intel64 Family 6 Model 142 Stepping 9, GenuineIntel



---------------  S Y S T E M  ---------------

OS: Windows 10.0 , 64 bit Build 17134 (10.0.17134.1)

CPU:total 4 (initial active 4) (2 cores per cpu, 2 threads per core) family 6 model 142 stepping 9, cmov, cx8, fxsr, mmx, sse, sse2, sse3, ssse3, sse4.1, sse4.2, popcnt, avx, avx2, aes, clmul, erms, 3dnowpref, lzcnt, ht, tsc, tscinvbit, bmi1, bmi2, adx

Memory: 4k page, physical 8253668k(777984k free), swap 8253668k(9504k free)

vm_info: OpenJDK 64-Bit Server VM (25.152-b02) for windows-amd64 JRE (1.8.0_152-release-1024-b02), built by "builder" with MS VC++ 10.0 (VS2010)

time: Mon Jun 25 14:29:28 2018
elapsed time: 236 seconds (0d 0h 3m 56s)

