#
# There is insufficient memory for the Java Runtime Environment to continue.
# Native memory allocation (malloc) failed to allocate 32744 bytes for ChunkPool::allocate
# Possible reasons:
#   The system is out of physical RAM or swap space
#   In 32 bit mode, the process size limit was hit
# Possible solutions:
#   Reduce memory load on the system
#   Increase physical memory or swap space
#   Check if swap backing store is full
#   Use 64 bit Java on a 64 bit OS
#   Decrease Java heap size (-Xmx/-Xms)
#   Decrease number of Java threads
#   Decrease Java thread stack sizes (-Xss)
#   Set larger code cache with -XX:ReservedCodeCacheSize=
# This output file may be truncated or incomplete.
#
#  Out of Memory Error (allocation.cpp:273), pid=15728, tid=0x0000000000001cdc
#
# JRE version: OpenJDK Runtime Environment (8.0_152-b02) (build 1.8.0_152-release-1024-b02)
# Java VM: OpenJDK 64-Bit Server VM (25.152-b02 mixed mode windows-amd64 compressed oops)
# Failed to write core dump. Minidumps are not enabled by default on client versions of Windows
#

---------------  T H R E A D  ---------------

Current thread (0x0000000016b1f800):  JavaThread "C2 CompilerThread1" daemon [_thread_in_native, id=7388, stack(0x0000000018260000,0x0000000018360000)]

Stack: [0x0000000018260000,0x0000000018360000]
[error occurred during error reporting (printing stack bounds), id 0xc0000005]

Native frames: (J=compiled Java code, j=interpreted, Vv=VM code, C=native code)


Current CompileTask:
C2:1651217 18476       4       org.gradle.internal.service.DefaultServiceRegistry$OwnServices::addServiceType (69 bytes)


---------------  P R O C E S S  ---------------

Java Threads: ( => current thread )
  0x0000000024d78000 JavaThread "build operations Thread 4" [_thread_blocked, id=2476, stack(0x000000002df90000,0x000000002e090000)]
  0x0000000024d7a000 JavaThread "build operations Thread 3" [_thread_blocked, id=7188, stack(0x000000002de90000,0x000000002df90000)]
  0x0000000024d78800 JavaThread "build operations Thread 2" [_thread_blocked, id=8564, stack(0x000000002dd90000,0x000000002de90000)]
  0x0000000024d75000 JavaThread "build operations" [_thread_blocked, id=15356, stack(0x000000002dc90000,0x000000002dd90000)]
  0x0000000024d79800 JavaThread "Cache worker for Artifact transforms cache (C:\Users\Farid\.gradle\caches\transforms-1)" [_thread_blocked, id=10496, stack(0x000000002db90000,0x000000002dc90000)]
  0x0000000024d75800 JavaThread "Cache worker for file hash cache (C:\Users\Farid\Desktop\OnGoing\Android App\femelo_demo\.gradle\4.4\fileHashes)" [_thread_blocked, id=16172, stack(0x000000002da90000,0x000000002db90000)]
  0x0000000024d77000 JavaThread "Stdin handler" [_thread_blocked, id=13324, stack(0x000000002d990000,0x000000002da90000)]
  0x0000000024d6d800 JavaThread "Asynchronous log dispatcher for DefaultDaemonConnection: socket connection from /127.0.0.1:13109 to /127.0.0.1:13396" [_thread_blocked, id=13072, stack(0x000000002d890000,0x000000002d990000)]
  0x0000000024d74000 JavaThread "Daemon worker Thread 3" [_thread_blocked, id=11756, stack(0x000000002d790000,0x000000002d890000)]
  0x0000000024d6f000 JavaThread "Cancel handler" [_thread_blocked, id=14724, stack(0x000000002d690000,0x000000002d790000)]
  0x0000000024d73800 JavaThread "Handler for socket connection from /127.0.0.1:13109 to /127.0.0.1:13396" [_thread_in_native, id=5032, stack(0x000000002d590000,0x000000002d690000)]
  0x0000000024d72000 JavaThread "Daemon Thread 3" [_thread_blocked, id=11460, stack(0x000000002d490000,0x000000002d590000)]
  0x000000001d428800 JavaThread "Memory manager" [_thread_blocked, id=13988, stack(0x00000000220a0000,0x00000000221a0000)]
  0x000000001d428000 JavaThread "pool-1-thread-1" [_thread_blocked, id=11780, stack(0x0000000021da0000,0x0000000021ea0000)]
  0x0000000019c5c000 JavaThread "File lock request listener" [_thread_in_native, id=6924, stack(0x000000001b5b0000,0x000000001b6b0000)]
  0x0000000019c5b000 JavaThread "Cache worker for file hash cache (C:\Users\Farid\.gradle\caches\4.4\fileHashes)" [_thread_blocked, id=11056, stack(0x000000001b4b0000,0x000000001b5b0000)]
  0x000000001984d800 JavaThread "Daemon periodic checks" [_thread_blocked, id=11252, stack(0x000000001a9b0000,0x000000001aab0000)]
  0x0000000019bac800 JavaThread "Incoming local TCP Connector on port 13109" [_thread_in_native, id=13484, stack(0x000000001a770000,0x000000001a870000)]
  0x00000000183c3800 JavaThread "Service Thread" daemon [_thread_blocked, id=15836, stack(0x0000000018860000,0x0000000018960000)]
  0x0000000018368800 JavaThread "C1 CompilerThread2" daemon [_thread_in_native, id=15432, stack(0x0000000018760000,0x0000000018860000)]
=>0x0000000016b1f800 JavaThread "C2 CompilerThread1" daemon [_thread_in_native, id=7388, stack(0x0000000018260000,0x0000000018360000)]
  0x0000000016b17000 JavaThread "C2 CompilerThread0" daemon [_thread_in_native, id=13596, stack(0x0000000018160000,0x0000000018260000)]
  0x0000000016b66800 JavaThread "Attach Listener" daemon [_thread_blocked, id=10032, stack(0x0000000018060000,0x0000000018160000)]
  0x0000000016b65800 JavaThread "Signal Dispatcher" daemon [_thread_blocked, id=10684, stack(0x0000000017f60000,0x0000000018060000)]
  0x0000000016afe000 JavaThread "Finalizer" daemon [_thread_blocked, id=14064, stack(0x0000000017d70000,0x0000000017e70000)]
  0x0000000003102800 JavaThread "Reference Handler" daemon [_thread_blocked, id=1524, stack(0x0000000017c70000,0x0000000017d70000)]
  0x0000000003013000 JavaThread "main" [_thread_blocked, id=7132, stack(0x0000000002e80000,0x0000000002f80000)]

Other Threads:
  0x0000000016ad6000 VMThread [stack: 0x0000000017b70000,0x0000000017c70000] [id=12000]
  0x00000000183f8800 WatcherThread [stack: 0x0000000018960000,0x0000000018a60000] [id=184]

VM state:at safepoint (normal execution)

VM Mutex/Monitor currently owned by a thread:  ([mutex/lock_event])
[0x000000000319e080] Threads_lock - owner thread: 0x0000000016ad6000

Heap:
 PSYoungGen      total 308736K, used 102466K [0x00000000e0000000, 0x00000000f5f80000, 0x0000000100000000)
  eden space 269824K, 33% used [0x00000000e0000000,0x00000000e574b048,0x00000000f0780000)
  from space 38912K, 33% used [0x00000000f3980000,0x00000000f46457f0,0x00000000f5f80000)
  to   space 45056K, 0% used [0x00000000f0780000,0x00000000f0780000,0x00000000f3380000)
 ParOldGen       total 163328K, used 86956K [0x00000000a0000000, 0x00000000a9f80000, 0x00000000e0000000)
  object space 163328K, 53% used [0x00000000a0000000,0x00000000a54eb1a0,0x00000000a9f80000)
 Metaspace       used 86901K, capacity 90928K, committed 90968K, reserved 1128448K
  class space    used 11241K, capacity 12119K, committed 12120K, reserved 1048576K

Card table byte_map: [0x0000000012560000,0x0000000012870000] byte_map_base: 0x0000000012060000

Marking Bits: (ParMarkBitMap*) 0x000000005d734970
 Begin Bits: [0x0000000012e70000, 0x0000000014670000)
 End Bits:   [0x0000000014670000, 0x0000000015e70000)

Polling page: 0x0000000000df0000

CodeCache: size=245760Kb used=48059Kb max_used=48965Kb free=197700Kb
 bounds [0x00000000031a0000, 0x00000000061c0000, 0x00000000121a0000]
 total_blobs=15689 nmethods=14815 adapters=784
 compilation: enabled

Compilation events (10 events):
Event: 1650.600 Thread 0x0000000018368800 nmethod 18511 0x0000000005d304d0 code [0x0000000005d30640, 0x0000000005d30890]
Event: 1650.600 Thread 0x0000000018368800 18512  s    3       org.gradle.internal.operations.notify.BuildOperationNotificationBridge$ReplayAndAttachListener::started (11 bytes)
Event: 1650.600 Thread 0x0000000018368800 nmethod 18512 0x0000000006011f10 code [0x0000000006012080, 0x0000000006012408]
Event: 1650.600 Thread 0x0000000018368800 18513       3       org.gradle.internal.operations.notify.BuildOperationNotificationBridge$RecordingListener::started (12 bytes)
Event: 1650.601 Thread 0x0000000018368800 nmethod 18513 0x0000000005d32bd0 code [0x0000000005d32d40, 0x0000000005d32f68]
Event: 1650.603 Thread 0x0000000018368800 18514  s    3       org.gradle.internal.operations.notify.BuildOperationNotificationBridge$ReplayAndAttachListener::finished (11 bytes)
Event: 1650.603 Thread 0x0000000018368800 nmethod 18514 0x000000000423b2d0 code [0x000000000423b440, 0x000000000423b7c8]
Event: 1650.603 Thread 0x0000000018368800 18515       3       org.gradle.internal.operations.notify.BuildOperationNotificationBridge$RecordingListener::finished (12 bytes)
Event: 1650.604 Thread 0x0000000018368800 nmethod 18515 0x0000000005d41290 code [0x0000000005d41400, 0x0000000005d41628]
Event: 1650.630 Thread 0x0000000016b17000 18516       4       org.gradle.internal.resources.DefaultResourceLockCoordinationService::getCurrent (58 bytes)

GC Heap History (10 events):
Event: 766.395 GC heap before
{Heap before GC invocations=29 (full 3):
 PSYoungGen      total 228864K, used 201221K [0x00000000e0000000, 0x00000000f2500000, 0x0000000100000000)
  eden space 184832K, 100% used [0x00000000e0000000,0x00000000eb480000,0x00000000eb480000)
  from space 44032K, 37% used [0x00000000eb480000,0x00000000ec481740,0x00000000edf80000)
  to   space 42496K, 0% used [0x00000000efb80000,0x00000000efb80000,0x00000000f2500000)
 ParOldGen       total 163328K, used 78223K [0x00000000a0000000, 0x00000000a9f80000, 0x00000000e0000000)
  object space 163328K, 47% used [0x00000000a0000000,0x00000000a4c63c10,0x00000000a9f80000)
 Metaspace       used 84199K, capacity 87926K, committed 88024K, reserved 1126400K
  class space    used 10904K, capacity 11730K, committed 11736K, reserved 1048576K
Event: 766.414 GC heap after
Heap after GC invocations=29 (full 3):
 PSYoungGen      total 256512K, used 5673K [0x00000000e0000000, 0x00000000f2500000, 0x0000000100000000)
  eden space 214016K, 0% used [0x00000000e0000000,0x00000000e0000000,0x00000000ed100000)
  from space 42496K, 13% used [0x00000000efb80000,0x00000000f010a4d8,0x00000000f2500000)
  to   space 43008K, 0% used [0x00000000ed100000,0x00000000ed100000,0x00000000efb00000)
 ParOldGen       total 163328K, used 86124K [0x00000000a0000000, 0x00000000a9f80000, 0x00000000e0000000)
  object space 163328K, 52% used [0x00000000a0000000,0x00000000a541b160,0x00000000a9f80000)
 Metaspace       used 84199K, capacity 87926K, committed 88024K, reserved 1126400K
  class space    used 10904K, capacity 11730K, committed 11736K, reserved 1048576K
}
Event: 767.920 GC heap before
{Heap before GC invocations=30 (full 3):
 PSYoungGen      total 256512K, used 219689K [0x00000000e0000000, 0x00000000f2500000, 0x0000000100000000)
  eden space 214016K, 100% used [0x00000000e0000000,0x00000000ed100000,0x00000000ed100000)
  from space 42496K, 13% used [0x00000000efb80000,0x00000000f010a4d8,0x00000000f2500000)
  to   space 43008K, 0% used [0x00000000ed100000,0x00000000ed100000,0x00000000efb00000)
 ParOldGen       total 163328K, used 86124K [0x00000000a0000000, 0x00000000a9f80000, 0x00000000e0000000)
  object space 163328K, 52% used [0x00000000a0000000,0x00000000a541b160,0x00000000a9f80000)
 Metaspace       used 84255K, capacity 87990K, committed 88024K, reserved 1126400K
  class space    used 10905K, capacity 11730K, committed 11736K, reserved 1048576K
Event: 767.930 GC heap after
Heap after GC invocations=30 (full 3):
 PSYoungGen      total 257024K, used 5587K [0x00000000e0000000, 0x00000000f4280000, 0x0000000100000000)
  eden space 214016K, 0% used [0x00000000e0000000,0x00000000e0000000,0x00000000ed100000)
  from space 43008K, 12% used [0x00000000ed100000,0x00000000ed674ec8,0x00000000efb00000)
  to   space 43008K, 0% used [0x00000000f1880000,0x00000000f1880000,0x00000000f4280000)
 ParOldGen       total 163328K, used 86932K [0x00000000a0000000, 0x00000000a9f80000, 0x00000000e0000000)
  object space 163328K, 53% used [0x00000000a0000000,0x00000000a54e51a0,0x00000000a9f80000)
 Metaspace       used 84255K, capacity 87990K, committed 88024K, reserved 1126400K
  class space    used 10905K, capacity 11730K, committed 11736K, reserved 1048576K
}
Event: 768.511 GC heap before
{Heap before GC invocations=31 (full 3):
 PSYoungGen      total 257024K, used 219603K [0x00000000e0000000, 0x00000000f4280000, 0x0000000100000000)
  eden space 214016K, 100% used [0x00000000e0000000,0x00000000ed100000,0x00000000ed100000)
  from space 43008K, 12% used [0x00000000ed100000,0x00000000ed674ec8,0x00000000efb00000)
  to   space 43008K, 0% used [0x00000000f1880000,0x00000000f1880000,0x00000000f4280000)
 ParOldGen       total 163328K, used 86932K [0x00000000a0000000, 0x00000000a9f80000, 0x00000000e0000000)
  object space 163328K, 53% used [0x00000000a0000000,0x00000000a54e51a0,0x00000000a9f80000)
 Metaspace       used 84355K, capacity 88080K, committed 88280K, reserved 1126400K
  class space    used 10911K, capacity 11733K, committed 11736K, reserved 1048576K
Event: 768.521 GC heap after
Heap after GC invocations=31 (full 3):
 PSYoungGen      total 283136K, used 4128K [0x00000000e0000000, 0x00000000f4000000, 0x0000000100000000)
  eden space 242688K, 0% used [0x00000000e0000000,0x00000000e0000000,0x00000000eed00000)
  from space 40448K, 10% used [0x00000000f1880000,0x00000000f1c880c0,0x00000000f4000000)
  to   space 42496K, 0% used [0x00000000eed00000,0x00000000eed00000,0x00000000f1680000)
 ParOldGen       total 163328K, used 86940K [0x00000000a0000000, 0x00000000a9f80000, 0x00000000e0000000)
  object space 163328K, 53% used [0x00000000a0000000,0x00000000a54e71a0,0x00000000a9f80000)
 Metaspace       used 84355K, capacity 88080K, committed 88280K, reserved 1126400K
  class space    used 10911K, capacity 11733K, committed 11736K, reserved 1048576K
}
Event: 771.054 GC heap before
{Heap before GC invocations=32 (full 3):
 PSYoungGen      total 283136K, used 246816K [0x00000000e0000000, 0x00000000f4000000, 0x0000000100000000)
  eden space 242688K, 100% used [0x00000000e0000000,0x00000000eed00000,0x00000000eed00000)
  from space 40448K, 10% used [0x00000000f1880000,0x00000000f1c880c0,0x00000000f4000000)
  to   space 42496K, 0% used [0x00000000eed00000,0x00000000eed00000,0x00000000f1680000)
 ParOldGen       total 163328K, used 86940K [0x00000000a0000000, 0x00000000a9f80000, 0x00000000e0000000)
  object space 163328K, 53% used [0x00000000a0000000,0x00000000a54e71a0,0x00000000a9f80000)
 Metaspace       used 84998K, capacity 88866K, committed 88920K, reserved 1126400K
  class space    used 10965K, capacity 11822K, committed 11864K, reserved 1048576K
Event: 771.106 GC heap after
Heap after GC invocations=32 (full 3):
 PSYoungGen      total 285184K, used 35119K [0x00000000e0000000, 0x00000000f6780000, 0x0000000100000000)
  eden space 242688K, 0% used [0x00000000e0000000,0x00000000e0000000,0x00000000eed00000)
  from space 42496K, 82% used [0x00000000eed00000,0x00000000f0f4beb8,0x00000000f1680000)
  to   space 47104K, 0% used [0x00000000f3980000,0x00000000f3980000,0x00000000f6780000)
 ParOldGen       total 163328K, used 86948K [0x00000000a0000000, 0x00000000a9f80000, 0x00000000e0000000)
  object space 163328K, 53% used [0x00000000a0000000,0x00000000a54e91a0,0x00000000a9f80000)
 Metaspace       used 84998K, capacity 88866K, committed 88920K, reserved 1126400K
  class space    used 10965K, capacity 11822K, committed 11864K, reserved 1048576K
}
Event: 773.430 GC heap before
{Heap before GC invocations=33 (full 3):
 PSYoungGen      total 285184K, used 274974K [0x00000000e0000000, 0x00000000f6780000, 0x0000000100000000)
  eden space 242688K, 98% used [0x00000000e0000000,0x00000000eea3bb18,0x00000000eed00000)
  from space 42496K, 82% used [0x00000000eed00000,0x00000000f0f4beb8,0x00000000f1680000)
  to   space 47104K, 0% used [0x00000000f3980000,0x00000000f3980000,0x00000000f6780000)
 ParOldGen       total 163328K, used 86948K [0x00000000a0000000, 0x00000000a9f80000, 0x00000000e0000000)
  object space 163328K, 53% used [0x00000000a0000000,0x00000000a54e91a0,0x00000000a9f80000)
 Metaspace       used 85771K, capacity 89646K, committed 89816K, reserved 1126400K
  class space    used 11069K, capacity 11926K, committed 11992K, reserved 1048576K
Event: 773.439 GC heap after
Heap after GC invocations=33 (full 3):
 PSYoungGen      total 308736K, used 13077K [0x00000000e0000000, 0x00000000f5f80000, 0x0000000100000000)
  eden space 269824K, 0% used [0x00000000e0000000,0x00000000e0000000,0x00000000f0780000)
  from space 38912K, 33% used [0x00000000f3980000,0x00000000f46457f0,0x00000000f5f80000)
  to   space 45056K, 0% used [0x00000000f0780000,0x00000000f0780000,0x00000000f3380000)
 ParOldGen       total 163328K, used 86956K [0x00000000a0000000, 0x00000000a9f80000, 0x00000000e0000000)
  object space 163328K, 53% used [0x00000000a0000000,0x00000000a54eb1a0,0x00000000a9f80000)
 Metaspace       used 85771K, capacity 89646K, committed 89816K, reserved 1126400K
  class space    used 11069K, capacity 11926K, committed 11992K, reserved 1048576K
}

Deoptimization events (10 events):
Event: 773.908 Thread 0x000000001d425800 Uncommon trap: reason=bimorphic action=maybe_recompile pc=0x0000000005e45c54 method=java.util.ArrayList.forEach(Ljava/util/function/Consumer;)V @ 47
Event: 774.001 Thread 0x000000001d08f000 Uncommon trap: reason=unstable_if action=reinterpret pc=0x0000000005e735b0 method=com.google.gson.stream.JsonReader.nextQuotedValue(C)Ljava/lang/String; @ 81
Event: 774.003 Thread 0x000000001d08f000 Uncommon trap: reason=class_check action=maybe_recompile pc=0x0000000006110058 method=java.util.Collections$SetFromMap.add(Ljava/lang/Object;)Z @ 8
Event: 774.122 Thread 0x000000001d425800 Uncommon trap: reason=unstable_if action=reinterpret pc=0x000000000518a75c method=java.lang.StringCoding$StringDecoder.decode([BII)[C @ 33
Event: 774.318 Thread 0x000000001d08f000 Uncommon trap: reason=bimorphic action=maybe_recompile pc=0x0000000005066914 method=com.google.common.cache.LocalCache$Segment.storeLoadedValue(Ljava/lang/Object;ILcom/google/common/cache/LocalCache$LoadingValueReference;Ljava/lang/Object;)Z @ 286
Event: 774.334 Thread 0x000000001d08f000 Uncommon trap: reason=unstable_if action=reinterpret pc=0x00000000043629f8 method=org.apache.commons.lang.StringUtils.splitWorker(Ljava/lang/String;Ljava/lang/String;IZ)[Ljava/lang/String; @ 142
Event: 774.484 Thread 0x000000001d091000 Uncommon trap: reason=unstable_if action=reinterpret pc=0x000000000412f280 method=java.util.concurrent.locks.AbstractQueuedSynchronizer.acquire(I)V @ 20
Event: 1650.486 Thread 0x0000000024d73800 Uncommon trap: reason=class_check action=maybe_recompile pc=0x0000000004e16c60 method=java.lang.reflect.Array.newInstance(Ljava/lang/Class;I)Ljava/lang/Object; @ 2
Event: 1650.487 Thread 0x0000000024d73800 Uncommon trap: reason=class_check action=maybe_recompile pc=0x0000000004e16c60 method=java.lang.reflect.Array.newInstance(Ljava/lang/Class;I)Ljava/lang/Object; @ 2
Event: 1650.530 Thread 0x0000000024d74000 Uncommon trap: reason=predicate action=maybe_recompile pc=0x00000000050720f0 method=com.google.common.collect.ImmutableSet.construct(I[Ljava/lang/Object;)Lcom/google/common/collect/ImmutableSet; @ 71

Classes redefined (0 events):
No events

Internal exceptions (10 events):
Event: 769.774 Thread 0x0000000024d6d800 Implicit null exception at 0x0000000003de996f to 0x0000000003de9a61
Event: 769.774 Thread 0x0000000024d72000 Implicit null exception at 0x0000000003de996f to 0x0000000003de9a61
Event: 771.108 Thread 0x0000000024d72000 Exception <a 'sun/nio/fs/WindowsException'> (0x00000000e0063a78) thrown at [D:\src\AOSP-openjdk-cygwin\jdk8u\hotspot\src\share\vm\prims\jni.cpp, line 709]
Event: 771.267 Thread 0x000000001d425800 Exception <a 'sun/nio/fs/WindowsException'> (0x00000000e069a368) thrown at [D:\src\AOSP-openjdk-cygwin\jdk8u\hotspot\src\share\vm\prims\jni.cpp, line 709]
Event: 771.898 Thread 0x000000001d095800 Exception <a 'sun/nio/fs/WindowsException'> (0x00000000e65d4de8) thrown at [D:\src\AOSP-openjdk-cygwin\jdk8u\hotspot\src\share\vm\prims\jni.cpp, line 709]
Event: 771.963 Thread 0x0000000024d75000 Exception <a 'sun/nio/fs/WindowsException'> (0x00000000e7227a30) thrown at [D:\src\AOSP-openjdk-cygwin\jdk8u\hotspot\src\share\vm\prims\jni.cpp, line 709]
Event: 772.625 Thread 0x0000000024d6f000 Exception <a 'sun/nio/fs/WindowsException'> (0x00000000ed35d8e0) thrown at [D:\src\AOSP-openjdk-cygwin\jdk8u\hotspot\src\share\vm\prims\jni.cpp, line 709]
Event: 773.413 Thread 0x000000001d08f000 Exception <a 'java/lang/NoSuchMethodError': java.lang.Object.lambda$or$2(Ljava/util/function/Predicate;Ljava/lang/Object;)Z> (0x00000000edfb4af8) thrown at [D:\src\AOSP-openjdk-cygwin\jdk8u\hotspot\src\share\vm\interpreter\linkResolver.cpp, line 584]
Event: 773.415 Thread 0x000000001d08f000 Exception <a 'java/lang/NoSuchMethodError': java.lang.Object.lambda$comparing$ea9a8b3a$1(Ljava/util/Comparator;Ljava/util/function/Function;Ljava/lang/Object;Ljava/lang/Object;)I> (0x00000000edfca2b8) thrown at [D:\src\AOSP-openjdk-cygwin\jdk8u\hotspot\sr
Event: 1348.067 Thread 0x000000001d428000 Exception <a 'sun/nio/fs/WindowsException'> (0x00000000e425af08) thrown at [D:\src\AOSP-openjdk-cygwin\jdk8u\hotspot\src\share\vm\prims\jni.cpp, line 709]

Events (10 events):
Event: 1650.598 Thread 0x0000000024d7a000 Thread added: 0x0000000024d7a000
Event: 1650.598 Thread 0x0000000024d78000 Thread added: 0x0000000024d78000
Event: 1650.599 Executing VM operation: RevokeBias
Event: 1650.599 Executing VM operation: RevokeBias done
Event: 1650.599 Executing VM operation: RevokeBias
Event: 1650.599 Executing VM operation: RevokeBias done
Event: 1650.599 Executing VM operation: RevokeBias
Event: 1650.600 Executing VM operation: RevokeBias done
Event: 1650.600 Executing VM operation: RevokeBias
Event: 1650.601 Executing VM operation: RevokeBias done


Dynamic libraries:
0x00007ff6d6d60000 - 0x00007ff6d6d91000 	C:\Program Files\Android\Android Studio\jre\bin\java.exe
0x00007ffd41470000 - 0x00007ffd41651000 	C:\WINDOWS\SYSTEM32\ntdll.dll
0x00007ffd409a0000 - 0x00007ffd40a52000 	C:\WINDOWS\System32\KERNEL32.DLL
0x00007ffd3d840000 - 0x00007ffd3dab3000 	C:\WINDOWS\System32\KERNELBASE.dll
0x00007ffd40820000 - 0x00007ffd408c1000 	C:\WINDOWS\System32\ADVAPI32.dll
0x00007ffd40e80000 - 0x00007ffd40f1e000 	C:\WINDOWS\System32\msvcrt.dll
0x00007ffd40f20000 - 0x00007ffd40f7b000 	C:\WINDOWS\System32\sechost.dll
0x00007ffd40c00000 - 0x00007ffd40d24000 	C:\WINDOWS\System32\RPCRT4.dll
0x00007ffd40a70000 - 0x00007ffd40c00000 	C:\WINDOWS\System32\USER32.dll
0x00007ffd3e570000 - 0x00007ffd3e590000 	C:\WINDOWS\System32\win32u.dll
0x00007ffd40dd0000 - 0x00007ffd40df8000 	C:\WINDOWS\System32\GDI32.dll
0x00007ffd3e3d0000 - 0x00007ffd3e562000 	C:\WINDOWS\System32\gdi32full.dll
0x00007ffd3e330000 - 0x00007ffd3e3cf000 	C:\WINDOWS\System32\msvcp_win.dll
0x00007ffd3e800000 - 0x00007ffd3e8fa000 	C:\WINDOWS\System32\ucrtbase.dll
0x00007ffd2db00000 - 0x00007ffd2dd69000 	C:\WINDOWS\WinSxS\amd64_microsoft.windows.common-controls_6595b64144ccf1df_6.0.17134.112_none_fb3f961b30681c12\COMCTL32.dll
0x00007ffd3e900000 - 0x00007ffd3ec23000 	C:\WINDOWS\System32\combase.dll
0x00007ffd3e590000 - 0x00007ffd3e60a000 	C:\WINDOWS\System32\bcryptPrimitives.dll
0x00007ffd40da0000 - 0x00007ffd40dcd000 	C:\WINDOWS\System32\IMM32.DLL
0x000000005ebb0000 - 0x000000005ec82000 	C:\Program Files\Android\Android Studio\jre\jre\bin\msvcr100.dll
0x000000005cf70000 - 0x000000005d7af000 	C:\Program Files\Android\Android Studio\jre\jre\bin\server\jvm.dll
0x00007ffd3ee70000 - 0x00007ffd3ee78000 	C:\WINDOWS\System32\PSAPI.DLL
0x00007ffd32020000 - 0x00007ffd32029000 	C:\WINDOWS\SYSTEM32\WSOCK32.dll
0x00007ffd40d30000 - 0x00007ffd40d9c000 	C:\WINDOWS\System32\WS2_32.dll
0x00007ffd32240000 - 0x00007ffd32263000 	C:\WINDOWS\SYSTEM32\WINMM.dll
0x00007ffd34e30000 - 0x00007ffd34e3a000 	C:\WINDOWS\SYSTEM32\VERSION.dll
0x00007ffd32210000 - 0x00007ffd3223a000 	C:\WINDOWS\SYSTEM32\WINMMBASE.dll
0x00007ffd3e280000 - 0x00007ffd3e2c9000 	C:\WINDOWS\System32\cfgmgr32.dll
0x00007ffd3af40000 - 0x00007ffd3af4f000 	C:\Program Files\Android\Android Studio\jre\jre\bin\verify.dll
0x00007ffd30380000 - 0x00007ffd303a9000 	C:\Program Files\Android\Android Studio\jre\jre\bin\java.dll
0x00007ffd38750000 - 0x00007ffd38766000 	C:\Program Files\Android\Android Studio\jre\jre\bin\zip.dll
0x00007ffd3f240000 - 0x00007ffd40680000 	C:\WINDOWS\System32\SHELL32.dll
0x00007ffd40680000 - 0x00007ffd40729000 	C:\WINDOWS\System32\shcore.dll
0x00007ffd3dac0000 - 0x00007ffd3e1cd000 	C:\WINDOWS\System32\windows.storage.dll
0x00007ffd40f90000 - 0x00007ffd40fe1000 	C:\WINDOWS\System32\shlwapi.dll
0x00007ffd3d820000 - 0x00007ffd3d831000 	C:\WINDOWS\System32\kernel.appcore.dll
0x00007ffd3d7e0000 - 0x00007ffd3d7ff000 	C:\WINDOWS\System32\profapi.dll
0x00007ffd3d780000 - 0x00007ffd3d7cc000 	C:\WINDOWS\System32\powrprof.dll
0x00007ffd3d7d0000 - 0x00007ffd3d7da000 	C:\WINDOWS\System32\FLTLIB.DLL
0x00007ffd37f20000 - 0x00007ffd37f3a000 	C:\Program Files\Android\Android Studio\jre\jre\bin\net.dll
0x00007ffd3d000000 - 0x00007ffd3d066000 	C:\WINDOWS\system32\mswsock.dll
0x00007ffd375c0000 - 0x00007ffd375d1000 	C:\Program Files\Android\Android Studio\jre\jre\bin\nio.dll
0x00007ffd36c90000 - 0x00007ffd36cae000 	C:\Users\Farid\.gradle\native\25\windows-amd64\native-platform.dll
0x00007ffd3aef0000 - 0x00007ffd3aefd000 	C:\Program Files\Android\Android Studio\jre\jre\bin\management.dll
0x00007ffd3d1b0000 - 0x00007ffd3d1c7000 	C:\WINDOWS\SYSTEM32\CRYPTSP.dll
0x00007ffd3cbe0000 - 0x00007ffd3cc13000 	C:\WINDOWS\system32\rsaenh.dll
0x00007ffd3d2e0000 - 0x00007ffd3d305000 	C:\WINDOWS\SYSTEM32\bcrypt.dll
0x00007ffd3d680000 - 0x00007ffd3d6a8000 	C:\WINDOWS\SYSTEM32\USERENV.dll
0x00007ffd3d1d0000 - 0x00007ffd3d1db000 	C:\WINDOWS\SYSTEM32\CRYPTBASE.dll
0x00007ffd3cd80000 - 0x00007ffd3cdb8000 	C:\WINDOWS\SYSTEM32\IPHLPAPI.DLL
0x00007ffd40a60000 - 0x00007ffd40a68000 	C:\WINDOWS\System32\NSI.dll
0x00007ffd38310000 - 0x00007ffd38326000 	C:\WINDOWS\SYSTEM32\dhcpcsvc6.DLL
0x00007ffd382f0000 - 0x00007ffd3830a000 	C:\WINDOWS\SYSTEM32\dhcpcsvc.DLL
0x00007ffd2e7c0000 - 0x00007ffd2e7e4000 	C:\Program Files\Android\Android Studio\jre\jre\bin\sunec.dll
0x00007ffd3cdc0000 - 0x00007ffd3ce7e000 	C:\WINDOWS\SYSTEM32\DNSAPI.dll
0x00007ffd36b70000 - 0x00007ffd36b7a000 	C:\Windows\System32\rasadhlp.dll
0x00007ffd36ea0000 - 0x00007ffd36f12000 	C:\WINDOWS\System32\fwpuclnt.dll
0x00007ffd37530000 - 0x00007ffd3753b000 	C:\Program Files\Android\Android Studio\jre\jre\bin\sunmscapi.dll
0x00007ffd3e610000 - 0x00007ffd3e7f2000 	C:\WINDOWS\System32\CRYPT32.dll
0x00007ffd3d800000 - 0x00007ffd3d812000 	C:\WINDOWS\System32\MSASN1.dll

VM Arguments:
jvm_args: -Xmx1536m -Dfile.encoding=windows-1256 -Duser.country=US -Duser.language=en -Duser.variant 
java_command: org.gradle.launcher.daemon.bootstrap.GradleDaemon 4.4
java_class_path (initial): C:\Users\Farid\.gradle\wrapper\dists\gradle-4.4-all\9br9xq1tocpiv8o6njlyu5op1\gradle-4.4\lib\gradle-launcher-4.4.jar
Launcher Type: SUN_STANDARD

Environment Variables:
JAVA_HOME=C:\Program Files\Java\jdk1.8.0_144
PATH=C:\ProgramData\Oracle\Java\javapath;C:\Program Files\Tecplot\Tecplot 360 EX 2017 R2\bin;C:\Program Files\Microsoft MPI\Bin\;C:\Program Files (x86)\Intel\MPI\5.0.1.037\intel64\bin;C:\Program Files (x86)\Common Files\Intel\Shared Libraries\redist\ia32\mpirt;C:\Program Files (x86)\Common Files\Intel\Shared Libraries\redist\intel64\compiler;C:\Program Files (x86)\Common Files\Intel\Shared Libraries\redist\ia32\compiler;C:\Program Files (x86)\Intel\iCLS Client\;C:\Program Files\Intel\iCLS Client\;C:\Windows\system32;C:\Windows;C:\Windows\System32\Wbem;C:\Windows\System32\WindowsPowerShell\v1.0\;C:\Program Files (x86)\NVIDIA Corporation\PhysX\Common;C:\Program Files\MATLAB\R2017a\runtime\win64;C:\Program Files\MATLAB\R2017a\bin;C:\Program Files (x86)\Intel\Intel(R) Management Engine Components\DAL;C:\Program Files\Intel\Intel(R) Management Engine Components\DAL;C:\Program Files (x86)\Intel\Intel(R) Management Engine Components\IPT;C:\Program Files\Intel\Intel(R) Management Engine Components\IPT;C:\Program Files (x86)\Windows Kits\8.1\Windows Performance Toolkit\;C:\Program Files\Microsoft SQL Server\110\Tools\Binn\;C:\WINDOWS\system32;C:\WINDOWS;C:\WINDOWS\System32\Wbem;C:\WINDOWS\System32\WindowsPowerShell\v1.0\;c:\Program Files (x86)\Microsoft SQL Server\100\Tools\Binn\;c:\Program Files\Microsoft SQL Server\100\Tools\Binn\;c:\Program Files\Microsoft SQL Server\100\DTS\Binn\;C:\Program Files\PuTTY\;C:\Program Files (x86)\PuTTY\;C:\Program Files\nodejs\;C:\Program Files\MySQL\MySQL Utilities 1.6\;C:\Program Files (x86)\QuickTime\QTSystem\;C:\WINDOWS\System32\OpenSSH\;C:\Program Files\Microsoft\Web Platform Installer\;C:\Program Files\Git\cmd;C:\Program Files\Git\mingw64\bin;C:\Program Files\Git\usr\bin;C:\Users\Farid\AppData\Local\Microsoft\WindowsApps;C:\Users\Farid\AppData\Roaming\npm;C:\Users\Farid\AppData\Local\Android\Sdk\platform-tools;
USERNAME=Farid
OS=Windows_NT
PROCESSOR_IDENTIFIER=Intel64 Family 6 Model 142 Stepping 9, GenuineIntel



---------------  S Y S T E M  ---------------

OS: Windows 10.0 , 64 bit Build 17134 (10.0.17134.1)

CPU:total 4 (initial active 4) (2 cores per cpu, 2 threads per core) family 6 model 142 stepping 9, cmov, cx8, fxsr, mmx, sse, sse2, sse3, ssse3, sse4.1, sse4.2, popcnt, avx, avx2, aes, clmul, erms, 3dnowpref, lzcnt, ht, tsc, tscinvbit, bmi1, bmi2, adx

Memory: 4k page, physical 8253668k(704248k free), swap 8253668k(3124k free)

vm_info: OpenJDK 64-Bit Server VM (25.152-b02) for windows-amd64 JRE (1.8.0_152-release-1024-b02), built by "builder" with MS VC++ 10.0 (VS2010)

time: Fri Jul 06 14:51:00 2018
elapsed time: 1650 seconds (0d 0h 27m 30s)

